<?xml version="1.0" encoding="UTF-8"?>
<!-- Generated by org.testng.reporters.JUnitReportReporter -->
<testsuite hostname="DELC02NG8TLG3QC.sea.corp.expecn.com" name="com.goeuro.tests.TrainSearchTests" tests="8" failures="0" timestamp="3 Jan 2017 07:50:52 GMT" time="707.752" errors="0">
  <testcase name="testSortingOfTrainPrices" time="67.584" classname="com.goeuro.tests.TrainSearchTests"/>
  <testcase name="testSortingOfTrainPrices" time="57.112" classname="com.goeuro.tests.TrainSearchTests"/>
  <testcase name="testSortingOfTrainPrices" time="151.312" classname="com.goeuro.tests.TrainSearchTests"/>
  <testcase name="testSortingOfTrainPrices" time="76.964" classname="com.goeuro.tests.TrainSearchTests"/>
  <testcase name="testSortingOfTrainPrices" time="77.629" classname="com.goeuro.tests.TrainSearchTests"/>
  <testcase name="testSortingOfTrainPrices" time="71.485" classname="com.goeuro.tests.TrainSearchTests"/>
  <testcase name="testSortingOfTrainPrices" time="56.170" classname="com.goeuro.tests.TrainSearchTests"/>
  <testcase name="testSortingOfTrainPrices" time="149.496" classname="com.goeuro.tests.TrainSearchTests"/>
</testsuite> <!-- com.goeuro.tests.TrainSearchTests -->
